[0.260s] DEBUG:colcon:Command line arguments: ['/usr/bin/colcon', 'build', '--symlink-install']
[0.260s] DEBUG:colcon:Parsed command line arguments: Namespace(log_base=None, log_level=None, verb_name='build', build_base='build', install_base='install', merge_install=False, symlink_install=True, test_result_base=None, continue_on_error=False, executor='parallel', parallel_workers=16, event_handlers=None, ignore_user_meta=False, metas=['./colcon.meta'], base_paths=['.'], packages_ignore=None, packages_ignore_regex=None, paths=None, packages_up_to=None, packages_up_to_regex=None, packages_above=None, packages_above_and_dependencies=None, packages_above_depth=None, packages_select_by_dep=None, packages_skip_by_dep=None, packages_skip_up_to=None, packages_select_build_failed=False, packages_skip_build_finished=False, packages_select_test_failures=False, packages_skip_test_passed=False, packages_select=None, packages_skip=None, packages_select_regex=None, packages_skip_regex=None, packages_start=None, packages_end=None, allow_overriding=[], cmake_args=None, cmake_target=None, cmake_target_skip_unavailable=False, cmake_clean_cache=False, cmake_clean_first=False, cmake_force_configure=False, ament_cmake_args=None, catkin_cmake_args=None, catkin_skip_building_tests=False, mixin_files=None, mixin=None, verb_parser=<colcon_mixin.mixin.mixin_argument.MixinArgumentDecorator object at 0x7df4e7789160>, verb_extension=<colcon_core.verb.build.BuildVerb object at 0x7df4e7788f20>, main=<bound method BuildVerb.main of <colcon_core.verb.build.BuildVerb object at 0x7df4e7788f20>>, mixin_verb=('build',))
[0.306s] Level 1:colcon.colcon_core.package_discovery:discover_packages(colcon_meta) check parameters
[0.306s] Level 1:colcon.colcon_core.package_discovery:discover_packages(recursive) check parameters
[0.306s] Level 1:colcon.colcon_core.package_discovery:discover_packages(ignore) check parameters
[0.306s] Level 1:colcon.colcon_core.package_discovery:discover_packages(path) check parameters
[0.306s] Level 1:colcon.colcon_core.package_discovery:discover_packages(colcon_meta) discover
[0.306s] Level 1:colcon.colcon_core.package_discovery:discover_packages(recursive) discover
[0.306s] INFO:colcon.colcon_core.package_discovery:Crawling recursively for packages in '/home/com2001/PFE_Eurobot_2026/ws/src/ydlidar_ros2_driver'
[0.306s] Level 1:colcon.colcon_core.package_identification:_identify(.) by extensions ['ignore', 'ignore_ament_install']
[0.306s] Level 1:colcon.colcon_core.package_identification:_identify(.) by extension 'ignore'
[0.306s] Level 1:colcon.colcon_core.package_identification:_identify(.) by extension 'ignore_ament_install'
[0.306s] Level 1:colcon.colcon_core.package_identification:_identify(.) by extensions ['colcon_pkg']
[0.307s] Level 1:colcon.colcon_core.package_identification:_identify(.) by extension 'colcon_pkg'
[0.307s] Level 1:colcon.colcon_core.package_identification:_identify(.) by extensions ['colcon_meta']
[0.307s] Level 1:colcon.colcon_core.package_identification:_identify(.) by extension 'colcon_meta'
[0.307s] Level 1:colcon.colcon_core.package_identification:_identify(.) by extensions ['ros']
[0.307s] Level 1:colcon.colcon_core.package_identification:_identify(.) by extension 'ros'
[0.335s] DEBUG:colcon.colcon_core.package_identification:Package '.' with type 'ros.ament_cmake' and name 'ydlidar_ros2_driver'
[0.335s] Level 1:colcon.colcon_core.package_discovery:discover_packages(recursive) using defaults
[0.335s] Level 1:colcon.colcon_core.package_discovery:discover_packages(ignore) discover
[0.335s] Level 1:colcon.colcon_core.package_discovery:discover_packages(ignore) using defaults
[0.335s] Level 1:colcon.colcon_core.package_discovery:discover_packages(path) discover
[0.335s] Level 1:colcon.colcon_core.package_discovery:discover_packages(path) using defaults
[0.354s] Level 1:colcon.colcon_core.package_discovery:discover_packages(prefix_path) check parameters
[0.355s] Level 1:colcon.colcon_core.package_discovery:discover_packages(prefix_path) discover
[0.357s] DEBUG:colcon.colcon_installed_package_information.package_discovery:Found 287 installed packages in /opt/ros/jazzy
[0.358s] Level 1:colcon.colcon_core.package_discovery:discover_packages(prefix_path) using defaults
[0.401s] Level 5:colcon.colcon_core.verb:set package 'ydlidar_ros2_driver' build argument 'cmake_args' from command line to 'None'
[0.401s] Level 5:colcon.colcon_core.verb:set package 'ydlidar_ros2_driver' build argument 'cmake_target' from command line to 'None'
[0.401s] Level 5:colcon.colcon_core.verb:set package 'ydlidar_ros2_driver' build argument 'cmake_target_skip_unavailable' from command line to 'False'
[0.401s] Level 5:colcon.colcon_core.verb:set package 'ydlidar_ros2_driver' build argument 'cmake_clean_cache' from command line to 'False'
[0.401s] Level 5:colcon.colcon_core.verb:set package 'ydlidar_ros2_driver' build argument 'cmake_clean_first' from command line to 'False'
[0.401s] Level 5:colcon.colcon_core.verb:set package 'ydlidar_ros2_driver' build argument 'cmake_force_configure' from command line to 'False'
[0.401s] Level 5:colcon.colcon_core.verb:set package 'ydlidar_ros2_driver' build argument 'ament_cmake_args' from command line to 'None'
[0.401s] Level 5:colcon.colcon_core.verb:set package 'ydlidar_ros2_driver' build argument 'catkin_cmake_args' from command line to 'None'
[0.401s] Level 5:colcon.colcon_core.verb:set package 'ydlidar_ros2_driver' build argument 'catkin_skip_building_tests' from command line to 'False'
[0.401s] DEBUG:colcon.colcon_core.verb:Building package 'ydlidar_ros2_driver' with the following arguments: {'ament_cmake_args': None, 'build_base': '/home/com2001/PFE_Eurobot_2026/ws/src/ydlidar_ros2_driver/build/ydlidar_ros2_driver', 'catkin_cmake_args': None, 'catkin_skip_building_tests': False, 'cmake_args': None, 'cmake_clean_cache': False, 'cmake_clean_first': False, 'cmake_force_configure': False, 'cmake_target': None, 'cmake_target_skip_unavailable': False, 'install_base': '/home/com2001/PFE_Eurobot_2026/ws/src/ydlidar_ros2_driver/install/ydlidar_ros2_driver', 'merge_install': False, 'path': '/home/com2001/PFE_Eurobot_2026/ws/src/ydlidar_ros2_driver', 'symlink_install': True, 'test_result_base': None}
[0.401s] INFO:colcon.colcon_core.executor:Executing jobs using 'parallel' executor
[0.402s] DEBUG:colcon.colcon_parallel_executor.executor.parallel:run_until_complete
[0.402s] INFO:colcon.colcon_ros.task.ament_cmake.build:Building ROS package in '/home/com2001/PFE_Eurobot_2026/ws/src/ydlidar_ros2_driver' with build type 'ament_cmake'
[0.402s] INFO:colcon.colcon_cmake.task.cmake.build:Building CMake package in '/home/com2001/PFE_Eurobot_2026/ws/src/ydlidar_ros2_driver'
[0.405s] INFO:colcon.colcon_core.plugin_system:Skipping extension 'colcon_core.shell.bat': Not used on non-Windows systems
[0.405s] INFO:colcon.colcon_core.shell:Skip shell extension 'powershell' for command environment: Not usable outside of PowerShell
[0.405s] DEBUG:colcon.colcon_core.shell:Skip shell extension 'dsv' for command environment
[0.418s] DEBUG:colcon.colcon_core.event_handler.log_command:Invoking command in '/home/com2001/PFE_Eurobot_2026/ws/src/ydlidar_ros2_driver/build/ydlidar_ros2_driver': CMAKE_PREFIX_PATH=${CMAKE_PREFIX_PATH}:/opt/ros/jazzy VIRTUAL_ENV_PROMPT=(sklearn-env) /usr/bin/cmake /home/com2001/PFE_Eurobot_2026/ws/src/ydlidar_ros2_driver -DAMENT_CMAKE_SYMLINK_INSTALL=1 -DCMAKE_INSTALL_PREFIX=/home/com2001/PFE_Eurobot_2026/ws/src/ydlidar_ros2_driver/install/ydlidar_ros2_driver
[6.516s] DEBUG:colcon.colcon_core.event_handler.log_command:Invoked command in '/home/com2001/PFE_Eurobot_2026/ws/src/ydlidar_ros2_driver/build/ydlidar_ros2_driver' returned '1': CMAKE_PREFIX_PATH=${CMAKE_PREFIX_PATH}:/opt/ros/jazzy VIRTUAL_ENV_PROMPT=(sklearn-env) /usr/bin/cmake /home/com2001/PFE_Eurobot_2026/ws/src/ydlidar_ros2_driver -DAMENT_CMAKE_SYMLINK_INSTALL=1 -DCMAKE_INSTALL_PREFIX=/home/com2001/PFE_Eurobot_2026/ws/src/ydlidar_ros2_driver/install/ydlidar_ros2_driver
[6.531s] Level 1:colcon.colcon_core.environment:create_environment_scripts_only(ydlidar_ros2_driver)
[6.533s] Level 1:colcon.colcon_core.environment:checking '/home/com2001/PFE_Eurobot_2026/ws/src/ydlidar_ros2_driver/install/ydlidar_ros2_driver' for CMake module files
[6.534s] Level 1:colcon.colcon_core.environment:checking '/home/com2001/PFE_Eurobot_2026/ws/src/ydlidar_ros2_driver/install/ydlidar_ros2_driver' for CMake config files
[6.534s] Level 1:colcon.colcon_core.environment:checking '/home/com2001/PFE_Eurobot_2026/ws/src/ydlidar_ros2_driver/install/ydlidar_ros2_driver/bin'
[6.534s] Level 1:colcon.colcon_core.environment:checking '/home/com2001/PFE_Eurobot_2026/ws/src/ydlidar_ros2_driver/install/ydlidar_ros2_driver/lib/pkgconfig/ydlidar_ros2_driver.pc'
[6.534s] Level 1:colcon.colcon_core.environment:checking '/home/com2001/PFE_Eurobot_2026/ws/src/ydlidar_ros2_driver/install/ydlidar_ros2_driver/lib/python3.12/site-packages'
[6.535s] Level 1:colcon.colcon_core.environment:checking '/home/com2001/PFE_Eurobot_2026/ws/src/ydlidar_ros2_driver/install/ydlidar_ros2_driver/bin'
[6.535s] INFO:colcon.colcon_core.shell:Creating package script '/home/com2001/PFE_Eurobot_2026/ws/src/ydlidar_ros2_driver/install/ydlidar_ros2_driver/share/ydlidar_ros2_driver/package.ps1'
[6.537s] INFO:colcon.colcon_core.shell:Creating package descriptor '/home/com2001/PFE_Eurobot_2026/ws/src/ydlidar_ros2_driver/install/ydlidar_ros2_driver/share/ydlidar_ros2_driver/package.dsv'
[6.537s] INFO:colcon.colcon_core.shell:Creating package script '/home/com2001/PFE_Eurobot_2026/ws/src/ydlidar_ros2_driver/install/ydlidar_ros2_driver/share/ydlidar_ros2_driver/package.sh'
[6.538s] INFO:colcon.colcon_core.shell:Creating package script '/home/com2001/PFE_Eurobot_2026/ws/src/ydlidar_ros2_driver/install/ydlidar_ros2_driver/share/ydlidar_ros2_driver/package.bash'
[6.538s] INFO:colcon.colcon_core.shell:Creating package script '/home/com2001/PFE_Eurobot_2026/ws/src/ydlidar_ros2_driver/install/ydlidar_ros2_driver/share/ydlidar_ros2_driver/package.zsh'
[6.539s] Level 1:colcon.colcon_core.environment:create_file_with_runtime_dependencies(/home/com2001/PFE_Eurobot_2026/ws/src/ydlidar_ros2_driver/install/ydlidar_ros2_driver/share/colcon-core/packages/ydlidar_ros2_driver)
[6.550s] DEBUG:colcon.colcon_parallel_executor.executor.parallel:closing loop
[6.550s] DEBUG:colcon.colcon_parallel_executor.executor.parallel:loop closed
[6.550s] DEBUG:colcon.colcon_parallel_executor.executor.parallel:run_until_complete finished with '1'
[6.551s] DEBUG:colcon.colcon_core.event_reactor:joining thread
[6.614s] INFO:colcon.colcon_core.plugin_system:Skipping extension 'colcon_notification.desktop_notification.notify_send': Could not find 'notify-send'
[6.614s] INFO:colcon.colcon_core.plugin_system:Skipping extension 'colcon_notification.desktop_notification.terminal_notifier': Not used on non-Darwin systems
[6.614s] INFO:colcon.colcon_core.plugin_system:Skipping extension 'colcon_notification.desktop_notification.win32': Not used on non-Windows systems
[6.614s] INFO:colcon.colcon_notification.desktop_notification:Sending desktop notification using 'notify2'
[6.616s] DEBUG:colcon.colcon_notification.desktop_notification.notify2:Failed to initialize notify2: org.freedesktop.DBus.Error.ServiceUnknown: The name org.freedesktop.Notifications was not provided by any .service files
[6.616s] DEBUG:colcon.colcon_core.event_reactor:joined thread
[6.616s] INFO:colcon.colcon_core.shell:Creating prefix script '/home/com2001/PFE_Eurobot_2026/ws/src/ydlidar_ros2_driver/install/local_setup.ps1'
[6.617s] INFO:colcon.colcon_core.shell:Creating prefix util module '/home/com2001/PFE_Eurobot_2026/ws/src/ydlidar_ros2_driver/install/_local_setup_util_ps1.py'
[6.618s] INFO:colcon.colcon_core.shell:Creating prefix chain script '/home/com2001/PFE_Eurobot_2026/ws/src/ydlidar_ros2_driver/install/setup.ps1'
[6.619s] INFO:colcon.colcon_core.shell:Creating prefix script '/home/com2001/PFE_Eurobot_2026/ws/src/ydlidar_ros2_driver/install/local_setup.sh'
[6.620s] INFO:colcon.colcon_core.shell:Creating prefix util module '/home/com2001/PFE_Eurobot_2026/ws/src/ydlidar_ros2_driver/install/_local_setup_util_sh.py'
[6.620s] INFO:colcon.colcon_core.shell:Creating prefix chain script '/home/com2001/PFE_Eurobot_2026/ws/src/ydlidar_ros2_driver/install/setup.sh'
[6.621s] INFO:colcon.colcon_core.shell:Creating prefix script '/home/com2001/PFE_Eurobot_2026/ws/src/ydlidar_ros2_driver/install/local_setup.bash'
[6.621s] INFO:colcon.colcon_core.shell:Creating prefix chain script '/home/com2001/PFE_Eurobot_2026/ws/src/ydlidar_ros2_driver/install/setup.bash'
[6.622s] INFO:colcon.colcon_core.shell:Creating prefix script '/home/com2001/PFE_Eurobot_2026/ws/src/ydlidar_ros2_driver/install/local_setup.zsh'
[6.623s] INFO:colcon.colcon_core.shell:Creating prefix chain script '/home/com2001/PFE_Eurobot_2026/ws/src/ydlidar_ros2_driver/install/setup.zsh'
