[0.015s] Invoking command in '/home/com2001/PFE_Eurobot_2026/ws/src/ydlidar_ros2_driver/build/ydlidar_ros2_driver': CMAKE_PREFIX_PATH=${CMAKE_PREFIX_PATH}:/opt/ros/jazzy VIRTUAL_ENV_PROMPT=(sklearn-env) /usr/bin/cmake /home/com2001/PFE_Eurobot_2026/ws/src/ydlidar_ros2_driver -DAMENT_CMAKE_SYMLINK_INSTALL=1 -DCMAKE_INSTALL_PREFIX=/home/com2001/PFE_Eurobot_2026/ws/src/ydlidar_ros2_driver/install/ydlidar_ros2_driver
[0.214s] -- The C compiler identification is GNU 13.3.0
[1.154s] -- The CXX compiler identification is GNU 13.3.0
[1.974s] -- Detecting C compiler ABI info
[2.310s] -- Detecting C compiler ABI info - done
[2.319s] -- Check for working C compiler: /usr/bin/cc - skipped
[2.319s] -- Detecting C compile features
[2.320s] -- Detecting C compile features - done
[2.446s] -- Detecting CXX compiler ABI info
[2.789s] -- Detecting CXX compiler ABI info - done
[2.797s] -- Check for working CXX compiler: /usr/bin/c++ - skipped
[2.797s] -- Detecting CXX compile features
[2.798s] -- Detecting CXX compile features - done
[2.801s] -- Found ament_cmake: 2.5.5 (/opt/ros/jazzy/share/ament_cmake/cmake)
[2.947s] -- Found Python3: /usr/bin/python3 (found version "3.12.3") found components: Interpreter 
[3.021s] -- Override CMake install command with custom implementation using symlinks instead of copying resources
[3.053s] -- Found rclcpp: 28.1.16 (/opt/ros/jazzy/share/rclcpp/cmake)
[3.314s] -- Found rosidl_generator_c: 4.6.7 (/opt/ros/jazzy/share/rosidl_generator_c/cmake)
[3.328s] -- Found rosidl_generator_cpp: 4.6.7 (/opt/ros/jazzy/share/rosidl_generator_cpp/cmake)
[3.344s] -- Using all available rosidl_typesupport_c: rosidl_typesupport_fastrtps_c;rosidl_typesupport_introspection_c
[3.362s] -- Using all available rosidl_typesupport_cpp: rosidl_typesupport_fastrtps_cpp;rosidl_typesupport_introspection_cpp
[3.439s] -- Found rmw_implementation_cmake: 7.3.3 (/opt/ros/jazzy/share/rmw_implementation_cmake/cmake)
[3.442s] -- Found rmw_fastrtps_cpp: 8.4.3 (/opt/ros/jazzy/share/rmw_fastrtps_cpp/cmake)
[3.542s] -- Found OpenSSL: /usr/lib/x86_64-linux-gnu/libcrypto.so (found version "3.0.13")  
[3.802s] -- Found FastRTPS: /opt/ros/jazzy/include (Required is at least version "2.13") 
[3.951s] -- Using RMW implementation 'rmw_fastrtps_cpp' as default
[4.209s] -- Found sensor_msgs: 5.3.6 (/opt/ros/jazzy/share/sensor_msgs/cmake)
[4.270s] -- Found visualization_msgs: 5.3.6 (/opt/ros/jazzy/share/visualization_msgs/cmake)
[4.302s] -- Found std_srvs: 5.3.6 (/opt/ros/jazzy/share/std_srvs/cmake)
[6.100s] [31mCMake Error at CMakeLists.txt:25 (find_package):
[6.100s]   By not providing "Findydlidar_sdk.cmake" in CMAKE_MODULE_PATH this project
[6.101s]   has asked CMake to find a package configuration file provided by
[6.101s]   "ydlidar_sdk", but CMake did not find one.
[6.101s] 
[6.101s]   Could not find a package configuration file provided by "ydlidar_sdk" with
[6.101s]   any of the following names:
[6.101s] 
[6.101s]     ydlidar_sdkConfig.cmake
[6.101s]     ydlidar_sdk-config.cmake
[6.101s] 
[6.101s]   Add the installation prefix of "ydlidar_sdk" to CMAKE_PREFIX_PATH or set
[6.101s]   "ydlidar_sdk_DIR" to a directory containing one of the above files.  If
[6.101s]   "ydlidar_sdk" provides a separate development package or SDK, be sure it
[6.101s]   has been installed.
[6.101s] 
[6.101s] [0m
[6.102s] -- Configuring incomplete, errors occurred!
[6.113s] Invoked command in '/home/com2001/PFE_Eurobot_2026/ws/src/ydlidar_ros2_driver/build/ydlidar_ros2_driver' returned '1': CMAKE_PREFIX_PATH=${CMAKE_PREFIX_PATH}:/opt/ros/jazzy VIRTUAL_ENV_PROMPT=(sklearn-env) /usr/bin/cmake /home/com2001/PFE_Eurobot_2026/ws/src/ydlidar_ros2_driver -DAMENT_CMAKE_SYMLINK_INSTALL=1 -DCMAKE_INSTALL_PREFIX=/home/com2001/PFE_Eurobot_2026/ws/src/ydlidar_ros2_driver/install/ydlidar_ros2_driver
